/scratch/cnt0024/hmg2840/albert7a/anaconda3/lib/python3.7/site-packages/dask/config.py:168: YAMLLoadWarning: calling yaml.load() without Loader=... is deprecated, as the default Loader is unsafe. Please read https://msg.pyyaml.org/load for full details.
  data = yaml.load(f.read()) or {}
/scratch/cnt0024/hmg2840/albert7a/anaconda3/lib/python3.7/site-packages/distributed/utils.py:136: RuntimeWarning: Couldn't detect a suitable IP address for reaching '8.8.8.8', defaulting to '127.0.0.1': [Errno 101] Network is unreachable
  RuntimeWarning,
distributed.nanny - INFO -         Start Nanny at: 'tcp://172.30.5.174:39053'
distributed.nanny - INFO -         Start Nanny at: 'tcp://172.30.5.174:41891'
distributed.nanny - INFO -         Start Nanny at: 'tcp://172.30.5.174:37440'
distributed.nanny - INFO -         Start Nanny at: 'tcp://172.30.5.174:42569'
distributed.nanny - INFO -         Start Nanny at: 'tcp://172.30.5.174:40296'
distributed.nanny - INFO -         Start Nanny at: 'tcp://172.30.5.174:37793'
distributed.nanny - INFO -         Start Nanny at: 'tcp://172.30.5.174:40175'
distributed.nanny - INFO -         Start Nanny at: 'tcp://172.30.5.174:38082'
distributed.nanny - INFO -         Start Nanny at: 'tcp://172.30.5.174:40201'
distributed.nanny - INFO -         Start Nanny at: 'tcp://172.30.5.174:44934'
distributed.nanny - INFO -         Start Nanny at: 'tcp://172.30.5.174:40165'
distributed.nanny - INFO -         Start Nanny at: 'tcp://172.30.5.174:37631'
distributed.nanny - INFO -         Start Nanny at: 'tcp://172.30.5.174:42137'
distributed.nanny - INFO -         Start Nanny at: 'tcp://172.30.5.174:45985'
distributed.nanny - INFO -         Start Nanny at: 'tcp://172.30.5.174:43275'
distributed.nanny - INFO -         Start Nanny at: 'tcp://172.30.5.174:45600'
distributed.nanny - INFO -         Start Nanny at: 'tcp://172.30.5.174:46704'
distributed.nanny - INFO -         Start Nanny at: 'tcp://172.30.5.174:41634'
distributed.nanny - INFO -         Start Nanny at: 'tcp://172.30.5.174:42237'
distributed.nanny - INFO -         Start Nanny at: 'tcp://172.30.5.174:41200'
distributed.nanny - INFO -         Start Nanny at: 'tcp://172.30.5.174:42430'
distributed.nanny - INFO -         Start Nanny at: 'tcp://172.30.5.174:44156'
distributed.nanny - INFO -         Start Nanny at: 'tcp://172.30.5.174:41388'
distributed.nanny - INFO -         Start Nanny at: 'tcp://172.30.5.174:33974'
distributed.nanny - INFO -         Start Nanny at: 'tcp://172.30.5.174:38333'
distributed.nanny - INFO -         Start Nanny at: 'tcp://172.30.5.174:46259'
distributed.nanny - INFO -         Start Nanny at: 'tcp://172.30.5.174:40976'
distributed.nanny - INFO -         Start Nanny at: 'tcp://172.30.5.174:44580'
/scratch/cnt0024/hmg2840/albert7a/anaconda3/lib/python3.7/site-packages/dask/config.py:168: YAMLLoadWarning: calling yaml.load() without Loader=... is deprecated, as the default Loader is unsafe. Please read https://msg.pyyaml.org/load for full details.
  data = yaml.load(f.read()) or {}
/scratch/cnt0024/hmg2840/albert7a/anaconda3/lib/python3.7/site-packages/distributed/utils.py:136: RuntimeWarning: Couldn't detect a suitable IP address for reaching '8.8.8.8', defaulting to '127.0.0.1': [Errno 101] Network is unreachable
  RuntimeWarning,
distributed.worker - INFO -       Start worker at:   tcp://172.30.5.174:44051
distributed.worker - INFO -          Listening to:   tcp://172.30.5.174:44051
/scratch/cnt0024/hmg2840/albert7a/anaconda3/lib/python3.7/site-packages/dask/config.py:168: YAMLLoadWarning: calling yaml.load() without Loader=... is deprecated, as the default Loader is unsafe. Please read https://msg.pyyaml.org/load for full details.
  data = yaml.load(f.read()) or {}
/scratch/cnt0024/hmg2840/albert7a/anaconda3/lib/python3.7/site-packages/distributed/utils.py:136: RuntimeWarning: Couldn't detect a suitable IP address for reaching '8.8.8.8', defaulting to '127.0.0.1': [Errno 101] Network is unreachable
  RuntimeWarning,
distributed.worker - INFO -       Start worker at:   tcp://172.30.5.174:36420
distributed.worker - INFO -              nanny at:         172.30.5.174:44156
distributed.worker - INFO -          Listening to:   tcp://172.30.5.174:36420
distributed.worker - INFO -              bokeh at:         172.30.5.174:39340
distributed.worker - INFO - Waiting to connect to:   tcp://172.30.100.1:40598
distributed.worker - INFO -              nanny at:         172.30.5.174:45985
distributed.worker - INFO - -------------------------------------------------
distributed.worker - INFO -              bokeh at:         172.30.5.174:45623
distributed.worker - INFO - Waiting to connect to:   tcp://172.30.100.1:40598
distributed.worker - INFO -               Threads:                          1
distributed.worker - INFO - -------------------------------------------------
distributed.worker - INFO -                Memory:                    4.29 GB
distributed.worker - INFO -               Threads:                          1
distributed.worker - INFO -       Local Directory: /scratch/cnt0024/hmg2840/albert7a/daskjobqueue/worker-c186jce4
distributed.worker - INFO -                Memory:                    4.29 GB
distributed.worker - INFO - -------------------------------------------------
distributed.worker - INFO -       Local Directory: /scratch/cnt0024/hmg2840/albert7a/daskjobqueue/worker-gnzancjt
distributed.worker - INFO - -------------------------------------------------
/scratch/cnt0024/hmg2840/albert7a/anaconda3/lib/python3.7/site-packages/dask/config.py:168: YAMLLoadWarning: calling yaml.load() without Loader=... is deprecated, as the default Loader is unsafe. Please read https://msg.pyyaml.org/load for full details.
  data = yaml.load(f.read()) or {}
/scratch/cnt0024/hmg2840/albert7a/anaconda3/lib/python3.7/site-packages/distributed/utils.py:136: RuntimeWarning: Couldn't detect a suitable IP address for reaching '8.8.8.8', defaulting to '127.0.0.1': [Errno 101] Network is unreachable
  RuntimeWarning,
distributed.worker - INFO -       Start worker at:   tcp://172.30.5.174:42687
distributed.worker - INFO -          Listening to:   tcp://172.30.5.174:42687
distributed.worker - INFO -              nanny at:         172.30.5.174:46704
distributed.worker - INFO -              bokeh at:         172.30.5.174:38007
distributed.worker - INFO - Waiting to connect to:   tcp://172.30.100.1:40598
distributed.worker - INFO - -------------------------------------------------
distributed.worker - INFO -               Threads:                          1
distributed.worker - INFO -                Memory:                    4.29 GB
distributed.worker - INFO -       Local Directory: /scratch/cnt0024/hmg2840/albert7a/daskjobqueue/worker-9cxvads8
distributed.worker - INFO - -------------------------------------------------
distributed.worker - INFO -         Registered to:   tcp://172.30.100.1:40598
distributed.worker - INFO - -------------------------------------------------
distributed.core - INFO - Starting established connection
distributed.worker - INFO -         Registered to:   tcp://172.30.100.1:40598
distributed.worker - INFO - -------------------------------------------------
distributed.worker - INFO -         Registered to:   tcp://172.30.100.1:40598
distributed.worker - INFO - -------------------------------------------------
distributed.core - INFO - Starting established connection
distributed.core - INFO - Starting established connection
/scratch/cnt0024/hmg2840/albert7a/anaconda3/lib/python3.7/site-packages/dask/config.py:168: YAMLLoadWarning: calling yaml.load() without Loader=... is deprecated, as the default Loader is unsafe. Please read https://msg.pyyaml.org/load for full details.
  data = yaml.load(f.read()) or {}
/scratch/cnt0024/hmg2840/albert7a/anaconda3/lib/python3.7/site-packages/distributed/utils.py:136: RuntimeWarning: Couldn't detect a suitable IP address for reaching '8.8.8.8', defaulting to '127.0.0.1': [Errno 101] Network is unreachable
  RuntimeWarning,
distributed.worker - INFO -       Start worker at:   tcp://172.30.5.174:39231
distributed.worker - INFO -          Listening to:   tcp://172.30.5.174:39231
distributed.worker - INFO -              nanny at:         172.30.5.174:37631
distributed.worker - INFO -              bokeh at:         172.30.5.174:34045
distributed.worker - INFO - Waiting to connect to:   tcp://172.30.100.1:40598
distributed.worker - INFO - -------------------------------------------------
distributed.worker - INFO -               Threads:                          1
distributed.worker - INFO -                Memory:                    4.29 GB
distributed.worker - INFO -       Local Directory: /scratch/cnt0024/hmg2840/albert7a/daskjobqueue/worker-y8c55zb2
distributed.worker - INFO - -------------------------------------------------
/scratch/cnt0024/hmg2840/albert7a/anaconda3/lib/python3.7/site-packages/dask/config.py:168: YAMLLoadWarning: calling yaml.load() without Loader=... is deprecated, as the default Loader is unsafe. Please read https://msg.pyyaml.org/load for full details.
  data = yaml.load(f.read()) or {}
/scratch/cnt0024/hmg2840/albert7a/anaconda3/lib/python3.7/site-packages/distributed/utils.py:136: RuntimeWarning: Couldn't detect a suitable IP address for reaching '8.8.8.8', defaulting to '127.0.0.1': [Errno 101] Network is unreachable
  RuntimeWarning,
distributed.worker - INFO -       Start worker at:   tcp://172.30.5.174:43340
distributed.worker - INFO -          Listening to:   tcp://172.30.5.174:43340
distributed.worker - INFO -              nanny at:         172.30.5.174:42569
distributed.worker - INFO -              bokeh at:         172.30.5.174:34959
distributed.worker - INFO - Waiting to connect to:   tcp://172.30.100.1:40598
distributed.worker - INFO - -------------------------------------------------
distributed.worker - INFO -               Threads:                          1
distributed.worker - INFO -                Memory:                    4.29 GB
distributed.worker - INFO -       Local Directory: /scratch/cnt0024/hmg2840/albert7a/daskjobqueue/worker-o6b_f5j_
distributed.worker - INFO - -------------------------------------------------
distributed.worker - INFO -         Registered to:   tcp://172.30.100.1:40598
distributed.worker - INFO - -------------------------------------------------
distributed.core - INFO - Starting established connection
distributed.worker - INFO -         Registered to:   tcp://172.30.100.1:40598
distributed.worker - INFO - -------------------------------------------------
distributed.core - INFO - Starting established connection
/scratch/cnt0024/hmg2840/albert7a/anaconda3/lib/python3.7/site-packages/dask/config.py:168: YAMLLoadWarning: calling yaml.load() without Loader=... is deprecated, as the default Loader is unsafe. Please read https://msg.pyyaml.org/load for full details.
  data = yaml.load(f.read()) or {}
/scratch/cnt0024/hmg2840/albert7a/anaconda3/lib/python3.7/site-packages/distributed/utils.py:136: RuntimeWarning: Couldn't detect a suitable IP address for reaching '8.8.8.8', defaulting to '127.0.0.1': [Errno 101] Network is unreachable
  RuntimeWarning,
distributed.worker - INFO -       Start worker at:   tcp://172.30.5.174:39386
distributed.worker - INFO -          Listening to:   tcp://172.30.5.174:39386
distributed.worker - INFO -              nanny at:         172.30.5.174:43275
distributed.worker - INFO -              bokeh at:         172.30.5.174:36063
distributed.worker - INFO - Waiting to connect to:   tcp://172.30.100.1:40598
distributed.worker - INFO - -------------------------------------------------
distributed.worker - INFO -               Threads:                          1
distributed.worker - INFO -                Memory:                    4.29 GB
distributed.worker - INFO -       Local Directory: /scratch/cnt0024/hmg2840/albert7a/daskjobqueue/worker-5z95px25
distributed.worker - INFO - -------------------------------------------------
/scratch/cnt0024/hmg2840/albert7a/anaconda3/lib/python3.7/site-packages/dask/config.py:168: YAMLLoadWarning: calling yaml.load() without Loader=... is deprecated, as the default Loader is unsafe. Please read https://msg.pyyaml.org/load for full details.
  data = yaml.load(f.read()) or {}
/scratch/cnt0024/hmg2840/albert7a/anaconda3/lib/python3.7/site-packages/distributed/utils.py:136: RuntimeWarning: Couldn't detect a suitable IP address for reaching '8.8.8.8', defaulting to '127.0.0.1': [Errno 101] Network is unreachable
  RuntimeWarning,
distributed.worker - INFO -       Start worker at:   tcp://172.30.5.174:33055
distributed.worker - INFO -          Listening to:   tcp://172.30.5.174:33055
distributed.worker - INFO -              nanny at:         172.30.5.174:40201
distributed.worker - INFO -              bokeh at:         172.30.5.174:45174
distributed.worker - INFO - Waiting to connect to:   tcp://172.30.100.1:40598
distributed.worker - INFO - -------------------------------------------------
distributed.worker - INFO -               Threads:                          1
distributed.worker - INFO -                Memory:                    4.29 GB
distributed.worker - INFO -       Local Directory: /scratch/cnt0024/hmg2840/albert7a/daskjobqueue/worker-h23sfu2m
distributed.worker - INFO - -------------------------------------------------
distributed.worker - INFO -         Registered to:   tcp://172.30.100.1:40598
distributed.worker - INFO - -------------------------------------------------
distributed.core - INFO - Starting established connection
distributed.worker - INFO -         Registered to:   tcp://172.30.100.1:40598
distributed.worker - INFO - -------------------------------------------------
distributed.core - INFO - Starting established connection
/scratch/cnt0024/hmg2840/albert7a/anaconda3/lib/python3.7/site-packages/dask/config.py:168: YAMLLoadWarning: calling yaml.load() without Loader=... is deprecated, as the default Loader is unsafe. Please read https://msg.pyyaml.org/load for full details.
  data = yaml.load(f.read()) or {}
/scratch/cnt0024/hmg2840/albert7a/anaconda3/lib/python3.7/site-packages/distributed/utils.py:136: RuntimeWarning: Couldn't detect a suitable IP address for reaching '8.8.8.8', defaulting to '127.0.0.1': [Errno 101] Network is unreachable
  RuntimeWarning,
distributed.worker - INFO -       Start worker at:   tcp://172.30.5.174:42797
/scratch/cnt0024/hmg2840/albert7a/anaconda3/lib/python3.7/site-packages/dask/config.py:168: YAMLLoadWarning: calling yaml.load() without Loader=... is deprecated, as the default Loader is unsafe. Please read https://msg.pyyaml.org/load for full details.
  data = yaml.load(f.read()) or {}
/scratch/cnt0024/hmg2840/albert7a/anaconda3/lib/python3.7/site-packages/distributed/utils.py:136: RuntimeWarning: Couldn't detect a suitable IP address for reaching '8.8.8.8', defaulting to '127.0.0.1': [Errno 101] Network is unreachable
  RuntimeWarning,
distributed.worker - INFO -       Start worker at:   tcp://172.30.5.174:45472
distributed.worker - INFO -          Listening to:   tcp://172.30.5.174:42797
distributed.worker - INFO -          Listening to:   tcp://172.30.5.174:45472
distributed.worker - INFO -              nanny at:         172.30.5.174:40976
distributed.worker - INFO -              nanny at:         172.30.5.174:41388
distributed.worker - INFO -              bokeh at:         172.30.5.174:38348
distributed.worker - INFO - Waiting to connect to:   tcp://172.30.100.1:40598
distributed.worker - INFO - -------------------------------------------------
distributed.worker - INFO -              bokeh at:         172.30.5.174:38027
distributed.worker - INFO -               Threads:                          1
distributed.worker - INFO - Waiting to connect to:   tcp://172.30.100.1:40598
distributed.worker - INFO -                Memory:                    4.29 GB
distributed.worker - INFO -       Local Directory: /scratch/cnt0024/hmg2840/albert7a/daskjobqueue/worker-mbffg45u
distributed.worker - INFO - -------------------------------------------------
distributed.worker - INFO - -------------------------------------------------
distributed.worker - INFO -               Threads:                          1
distributed.worker - INFO -                Memory:                    4.29 GB
distributed.worker - INFO -       Local Directory: /scratch/cnt0024/hmg2840/albert7a/daskjobqueue/worker-_g4zxur3
distributed.worker - INFO - -------------------------------------------------
distributed.worker - INFO -         Registered to:   tcp://172.30.100.1:40598
distributed.worker - INFO - -------------------------------------------------
distributed.worker - INFO -         Registered to:   tcp://172.30.100.1:40598
distributed.worker - INFO - -------------------------------------------------
distributed.core - INFO - Starting established connection
distributed.core - INFO - Starting established connection
/scratch/cnt0024/hmg2840/albert7a/anaconda3/lib/python3.7/site-packages/dask/config.py:168: YAMLLoadWarning: calling yaml.load() without Loader=... is deprecated, as the default Loader is unsafe. Please read https://msg.pyyaml.org/load for full details.
  data = yaml.load(f.read()) or {}
/scratch/cnt0024/hmg2840/albert7a/anaconda3/lib/python3.7/site-packages/distributed/utils.py:136: RuntimeWarning: Couldn't detect a suitable IP address for reaching '8.8.8.8', defaulting to '127.0.0.1': [Errno 101] Network is unreachable
  RuntimeWarning,
distributed.worker - INFO -       Start worker at:   tcp://172.30.5.174:44563
distributed.worker - INFO -          Listening to:   tcp://172.30.5.174:44563
distributed.worker - INFO -              nanny at:         172.30.5.174:38082
distributed.worker - INFO -              bokeh at:         172.30.5.174:45973
distributed.worker - INFO - Waiting to connect to:   tcp://172.30.100.1:40598
distributed.worker - INFO - -------------------------------------------------
distributed.worker - INFO -               Threads:                          1
distributed.worker - INFO -                Memory:                    4.29 GB
distributed.worker - INFO -       Local Directory: /scratch/cnt0024/hmg2840/albert7a/daskjobqueue/worker-p7nc2fbw
distributed.worker - INFO - -------------------------------------------------
distributed.worker - INFO -         Registered to:   tcp://172.30.100.1:40598
distributed.worker - INFO - -------------------------------------------------
distributed.core - INFO - Starting established connection
/scratch/cnt0024/hmg2840/albert7a/anaconda3/lib/python3.7/site-packages/dask/config.py:168: YAMLLoadWarning: calling yaml.load() without Loader=... is deprecated, as the default Loader is unsafe. Please read https://msg.pyyaml.org/load for full details.
  data = yaml.load(f.read()) or {}
/scratch/cnt0024/hmg2840/albert7a/anaconda3/lib/python3.7/site-packages/distributed/utils.py:136: RuntimeWarning: Couldn't detect a suitable IP address for reaching '8.8.8.8', defaulting to '127.0.0.1': [Errno 101] Network is unreachable
  RuntimeWarning,
distributed.worker - INFO -       Start worker at:   tcp://172.30.5.174:46401
distributed.worker - INFO -          Listening to:   tcp://172.30.5.174:46401
distributed.worker - INFO -              nanny at:         172.30.5.174:41200
distributed.worker - INFO -              bokeh at:         172.30.5.174:39914
distributed.worker - INFO - Waiting to connect to:   tcp://172.30.100.1:40598
distributed.worker - INFO - -------------------------------------------------
distributed.worker - INFO -               Threads:                          1
distributed.worker - INFO -                Memory:                    4.29 GB
distributed.worker - INFO -       Local Directory: /scratch/cnt0024/hmg2840/albert7a/daskjobqueue/worker-gzzjqc1p
distributed.worker - INFO - -------------------------------------------------
/scratch/cnt0024/hmg2840/albert7a/anaconda3/lib/python3.7/site-packages/dask/config.py:168: YAMLLoadWarning: calling yaml.load() without Loader=... is deprecated, as the default Loader is unsafe. Please read https://msg.pyyaml.org/load for full details.
  data = yaml.load(f.read()) or {}
/scratch/cnt0024/hmg2840/albert7a/anaconda3/lib/python3.7/site-packages/distributed/utils.py:136: RuntimeWarning: Couldn't detect a suitable IP address for reaching '8.8.8.8', defaulting to '127.0.0.1': [Errno 101] Network is unreachable
  RuntimeWarning,
distributed.worker - INFO -       Start worker at:   tcp://172.30.5.174:40501
distributed.worker - INFO -          Listening to:   tcp://172.30.5.174:40501
distributed.worker - INFO -         Registered to:   tcp://172.30.100.1:40598
distributed.worker - INFO -              nanny at:         172.30.5.174:44580
distributed.worker - INFO - -------------------------------------------------
distributed.worker - INFO -              bokeh at:         172.30.5.174:40836
distributed.worker - INFO - Waiting to connect to:   tcp://172.30.100.1:40598
distributed.worker - INFO - -------------------------------------------------
distributed.worker - INFO -               Threads:                          1
distributed.core - INFO - Starting established connection
distributed.worker - INFO -                Memory:                    4.29 GB
distributed.worker - INFO -       Local Directory: /scratch/cnt0024/hmg2840/albert7a/daskjobqueue/worker-suq7u5hn
distributed.worker - INFO - -------------------------------------------------
distributed.worker - INFO -         Registered to:   tcp://172.30.100.1:40598
distributed.worker - INFO - -------------------------------------------------
distributed.core - INFO - Starting established connection
/scratch/cnt0024/hmg2840/albert7a/anaconda3/lib/python3.7/site-packages/dask/config.py:168: YAMLLoadWarning: calling yaml.load() without Loader=... is deprecated, as the default Loader is unsafe. Please read https://msg.pyyaml.org/load for full details.
  data = yaml.load(f.read()) or {}
/scratch/cnt0024/hmg2840/albert7a/anaconda3/lib/python3.7/site-packages/distributed/utils.py:136: RuntimeWarning: Couldn't detect a suitable IP address for reaching '8.8.8.8', defaulting to '127.0.0.1': [Errno 101] Network is unreachable
  RuntimeWarning,
distributed.worker - INFO -       Start worker at:   tcp://172.30.5.174:45771
distributed.worker - INFO -          Listening to:   tcp://172.30.5.174:45771
distributed.worker - INFO -              nanny at:         172.30.5.174:42137
distributed.worker - INFO -              bokeh at:         172.30.5.174:33976
distributed.worker - INFO - Waiting to connect to:   tcp://172.30.100.1:40598
distributed.worker - INFO - -------------------------------------------------
distributed.worker - INFO -               Threads:                          1
distributed.worker - INFO -                Memory:                    4.29 GB
distributed.worker - INFO -       Local Directory: /scratch/cnt0024/hmg2840/albert7a/daskjobqueue/worker-__8pfg5e
distributed.worker - INFO - -------------------------------------------------
/scratch/cnt0024/hmg2840/albert7a/anaconda3/lib/python3.7/site-packages/dask/config.py:168: YAMLLoadWarning: calling yaml.load() without Loader=... is deprecated, as the default Loader is unsafe. Please read https://msg.pyyaml.org/load for full details.
  data = yaml.load(f.read()) or {}
/scratch/cnt0024/hmg2840/albert7a/anaconda3/lib/python3.7/site-packages/distributed/utils.py:136: RuntimeWarning: Couldn't detect a suitable IP address for reaching '8.8.8.8', defaulting to '127.0.0.1': [Errno 101] Network is unreachable
  RuntimeWarning,
distributed.worker - INFO -       Start worker at:   tcp://172.30.5.174:39874
distributed.worker - INFO -          Listening to:   tcp://172.30.5.174:39874
distributed.worker - INFO -              nanny at:         172.30.5.174:42430
distributed.worker - INFO -              bokeh at:         172.30.5.174:35184
distributed.worker - INFO - Waiting to connect to:   tcp://172.30.100.1:40598
distributed.worker - INFO - -------------------------------------------------
distributed.worker - INFO -               Threads:                          1
distributed.worker - INFO -                Memory:                    4.29 GB
distributed.worker - INFO -       Local Directory: /scratch/cnt0024/hmg2840/albert7a/daskjobqueue/worker-8wdqlt1_
distributed.worker - INFO - -------------------------------------------------
distributed.worker - INFO -         Registered to:   tcp://172.30.100.1:40598
distributed.worker - INFO - -------------------------------------------------
distributed.core - INFO - Starting established connection
distributed.worker - INFO -         Registered to:   tcp://172.30.100.1:40598
distributed.worker - INFO - -------------------------------------------------
distributed.core - INFO - Starting established connection
/scratch/cnt0024/hmg2840/albert7a/anaconda3/lib/python3.7/site-packages/dask/config.py:168: YAMLLoadWarning: calling yaml.load() without Loader=... is deprecated, as the default Loader is unsafe. Please read https://msg.pyyaml.org/load for full details.
  data = yaml.load(f.read()) or {}
/scratch/cnt0024/hmg2840/albert7a/anaconda3/lib/python3.7/site-packages/distributed/utils.py:136: RuntimeWarning: Couldn't detect a suitable IP address for reaching '8.8.8.8', defaulting to '127.0.0.1': [Errno 101] Network is unreachable
  RuntimeWarning,
distributed.worker - INFO -       Start worker at:   tcp://172.30.5.174:33223
distributed.worker - INFO -          Listening to:   tcp://172.30.5.174:33223
distributed.worker - INFO -              nanny at:         172.30.5.174:41634
distributed.worker - INFO -              bokeh at:         172.30.5.174:43150
distributed.worker - INFO - Waiting to connect to:   tcp://172.30.100.1:40598
distributed.worker - INFO - -------------------------------------------------
distributed.worker - INFO -               Threads:                          1
distributed.worker - INFO -                Memory:                    4.29 GB
distributed.worker - INFO -       Local Directory: /scratch/cnt0024/hmg2840/albert7a/daskjobqueue/worker-g1mlv75a
distributed.worker - INFO - -------------------------------------------------
distributed.worker - INFO -         Registered to:   tcp://172.30.100.1:40598
distributed.worker - INFO - -------------------------------------------------
distributed.core - INFO - Starting established connection
/scratch/cnt0024/hmg2840/albert7a/anaconda3/lib/python3.7/site-packages/dask/config.py:168: YAMLLoadWarning: calling yaml.load() without Loader=... is deprecated, as the default Loader is unsafe. Please read https://msg.pyyaml.org/load for full details.
  data = yaml.load(f.read()) or {}
/scratch/cnt0024/hmg2840/albert7a/anaconda3/lib/python3.7/site-packages/distributed/utils.py:136: RuntimeWarning: Couldn't detect a suitable IP address for reaching '8.8.8.8', defaulting to '127.0.0.1': [Errno 101] Network is unreachable
  RuntimeWarning,
distributed.worker - INFO -       Start worker at:   tcp://172.30.5.174:42303
distributed.worker - INFO -          Listening to:   tcp://172.30.5.174:42303
distributed.worker - INFO -              nanny at:         172.30.5.174:33974
distributed.worker - INFO -              bokeh at:         172.30.5.174:33294
distributed.worker - INFO - Waiting to connect to:   tcp://172.30.100.1:40598
distributed.worker - INFO - -------------------------------------------------
distributed.worker - INFO -               Threads:                          1
distributed.worker - INFO -                Memory:                    4.29 GB
distributed.worker - INFO -       Local Directory: /scratch/cnt0024/hmg2840/albert7a/daskjobqueue/worker-6r_31tn6
distributed.worker - INFO - -------------------------------------------------
/scratch/cnt0024/hmg2840/albert7a/anaconda3/lib/python3.7/site-packages/dask/config.py:168: YAMLLoadWarning: calling yaml.load() without Loader=... is deprecated, as the default Loader is unsafe. Please read https://msg.pyyaml.org/load for full details.
  data = yaml.load(f.read()) or {}
/scratch/cnt0024/hmg2840/albert7a/anaconda3/lib/python3.7/site-packages/distributed/utils.py:136: RuntimeWarning: Couldn't detect a suitable IP address for reaching '8.8.8.8', defaulting to '127.0.0.1': [Errno 101] Network is unreachable
  RuntimeWarning,
distributed.worker - INFO -       Start worker at:   tcp://172.30.5.174:44489
distributed.worker - INFO -          Listening to:   tcp://172.30.5.174:44489
distributed.worker - INFO -              nanny at:         172.30.5.174:37793
distributed.worker - INFO -              bokeh at:         172.30.5.174:36597
distributed.worker - INFO - Waiting to connect to:   tcp://172.30.100.1:40598
distributed.worker - INFO - -------------------------------------------------
distributed.worker - INFO -               Threads:                          1
distributed.worker - INFO -                Memory:                    4.29 GB
distributed.worker - INFO -       Local Directory: /scratch/cnt0024/hmg2840/albert7a/daskjobqueue/worker-r_p6oz84
distributed.worker - INFO - -------------------------------------------------
distributed.worker - INFO -         Registered to:   tcp://172.30.100.1:40598
distributed.worker - INFO - -------------------------------------------------
distributed.core - INFO - Starting established connection
distributed.worker - INFO -         Registered to:   tcp://172.30.100.1:40598
distributed.worker - INFO - -------------------------------------------------
distributed.core - INFO - Starting established connection
/scratch/cnt0024/hmg2840/albert7a/anaconda3/lib/python3.7/site-packages/dask/config.py:168: YAMLLoadWarning: calling yaml.load() without Loader=... is deprecated, as the default Loader is unsafe. Please read https://msg.pyyaml.org/load for full details.
  data = yaml.load(f.read()) or {}
/scratch/cnt0024/hmg2840/albert7a/anaconda3/lib/python3.7/site-packages/distributed/utils.py:136: RuntimeWarning: Couldn't detect a suitable IP address for reaching '8.8.8.8', defaulting to '127.0.0.1': [Errno 101] Network is unreachable
  RuntimeWarning,
distributed.worker - INFO -       Start worker at:   tcp://172.30.5.174:39417
distributed.worker - INFO -          Listening to:   tcp://172.30.5.174:39417
distributed.worker - INFO -              nanny at:         172.30.5.174:37440
distributed.worker - INFO -              bokeh at:         172.30.5.174:43764
distributed.worker - INFO - Waiting to connect to:   tcp://172.30.100.1:40598
distributed.worker - INFO - -------------------------------------------------
distributed.worker - INFO -               Threads:                          1
distributed.worker - INFO -                Memory:                    4.29 GB
distributed.worker - INFO -       Local Directory: /scratch/cnt0024/hmg2840/albert7a/daskjobqueue/worker-m7lwavnr
distributed.worker - INFO - -------------------------------------------------
distributed.worker - INFO -         Registered to:   tcp://172.30.100.1:40598
distributed.worker - INFO - -------------------------------------------------
distributed.core - INFO - Starting established connection
/scratch/cnt0024/hmg2840/albert7a/anaconda3/lib/python3.7/site-packages/dask/config.py:168: YAMLLoadWarning: calling yaml.load() without Loader=... is deprecated, as the default Loader is unsafe. Please read https://msg.pyyaml.org/load for full details.
  data = yaml.load(f.read()) or {}
/scratch/cnt0024/hmg2840/albert7a/anaconda3/lib/python3.7/site-packages/distributed/utils.py:136: RuntimeWarning: Couldn't detect a suitable IP address for reaching '8.8.8.8', defaulting to '127.0.0.1': [Errno 101] Network is unreachable
  RuntimeWarning,
distributed.worker - INFO -       Start worker at:   tcp://172.30.5.174:38418
distributed.worker - INFO -          Listening to:   tcp://172.30.5.174:38418
distributed.worker - INFO -              nanny at:         172.30.5.174:38333
distributed.worker - INFO -              bokeh at:         172.30.5.174:40318
distributed.worker - INFO - Waiting to connect to:   tcp://172.30.100.1:40598
distributed.worker - INFO - -------------------------------------------------
distributed.worker - INFO -               Threads:                          1
distributed.worker - INFO -                Memory:                    4.29 GB
distributed.worker - INFO -       Local Directory: /scratch/cnt0024/hmg2840/albert7a/daskjobqueue/worker-c0rccb10
distributed.worker - INFO - -------------------------------------------------
distributed.worker - INFO -         Registered to:   tcp://172.30.100.1:40598
distributed.worker - INFO - -------------------------------------------------
distributed.core - INFO - Starting established connection
/scratch/cnt0024/hmg2840/albert7a/anaconda3/lib/python3.7/site-packages/dask/config.py:168: YAMLLoadWarning: calling yaml.load() without Loader=... is deprecated, as the default Loader is unsafe. Please read https://msg.pyyaml.org/load for full details.
  data = yaml.load(f.read()) or {}
/scratch/cnt0024/hmg2840/albert7a/anaconda3/lib/python3.7/site-packages/distributed/utils.py:136: RuntimeWarning: Couldn't detect a suitable IP address for reaching '8.8.8.8', defaulting to '127.0.0.1': [Errno 101] Network is unreachable
  RuntimeWarning,
distributed.worker - INFO -       Start worker at:   tcp://172.30.5.174:33512
distributed.worker - INFO -          Listening to:   tcp://172.30.5.174:33512
distributed.worker - INFO -              nanny at:         172.30.5.174:44934
distributed.worker - INFO -              bokeh at:         172.30.5.174:43436
distributed.worker - INFO - Waiting to connect to:   tcp://172.30.100.1:40598
distributed.worker - INFO - -------------------------------------------------
distributed.worker - INFO -               Threads:                          1
distributed.worker - INFO -                Memory:                    4.29 GB
distributed.worker - INFO -       Local Directory: /scratch/cnt0024/hmg2840/albert7a/daskjobqueue/worker-cxhbrfmx
distributed.worker - INFO - -------------------------------------------------
distributed.worker - INFO -         Registered to:   tcp://172.30.100.1:40598
distributed.worker - INFO - -------------------------------------------------
distributed.core - INFO - Starting established connection
/scratch/cnt0024/hmg2840/albert7a/anaconda3/lib/python3.7/site-packages/dask/config.py:168: YAMLLoadWarning: calling yaml.load() without Loader=... is deprecated, as the default Loader is unsafe. Please read https://msg.pyyaml.org/load for full details.
  data = yaml.load(f.read()) or {}
/scratch/cnt0024/hmg2840/albert7a/anaconda3/lib/python3.7/site-packages/distributed/utils.py:136: RuntimeWarning: Couldn't detect a suitable IP address for reaching '8.8.8.8', defaulting to '127.0.0.1': [Errno 101] Network is unreachable
  RuntimeWarning,
distributed.worker - INFO -       Start worker at:   tcp://172.30.5.174:41548
distributed.worker - INFO -          Listening to:   tcp://172.30.5.174:41548
distributed.worker - INFO -              nanny at:         172.30.5.174:40296
distributed.worker - INFO -              bokeh at:         172.30.5.174:45582
distributed.worker - INFO - Waiting to connect to:   tcp://172.30.100.1:40598
distributed.worker - INFO - -------------------------------------------------
distributed.worker - INFO -               Threads:                          1
distributed.worker - INFO -                Memory:                    4.29 GB
distributed.worker - INFO -       Local Directory: /scratch/cnt0024/hmg2840/albert7a/daskjobqueue/worker-mm8ba6ec
distributed.worker - INFO - -------------------------------------------------
/scratch/cnt0024/hmg2840/albert7a/anaconda3/lib/python3.7/site-packages/dask/config.py:168: YAMLLoadWarning: calling yaml.load() without Loader=... is deprecated, as the default Loader is unsafe. Please read https://msg.pyyaml.org/load for full details.
  data = yaml.load(f.read()) or {}
/scratch/cnt0024/hmg2840/albert7a/anaconda3/lib/python3.7/site-packages/distributed/utils.py:136: RuntimeWarning: Couldn't detect a suitable IP address for reaching '8.8.8.8', defaulting to '127.0.0.1': [Errno 101] Network is unreachable
  RuntimeWarning,
distributed.worker - INFO -       Start worker at:   tcp://172.30.5.174:37434
distributed.worker - INFO -          Listening to:   tcp://172.30.5.174:37434
distributed.worker - INFO -              nanny at:         172.30.5.174:45600
distributed.worker - INFO -              bokeh at:         172.30.5.174:39773
distributed.worker - INFO - Waiting to connect to:   tcp://172.30.100.1:40598
distributed.worker - INFO - -------------------------------------------------
distributed.worker - INFO -               Threads:                          1
distributed.worker - INFO -                Memory:                    4.29 GB
distributed.worker - INFO -       Local Directory: /scratch/cnt0024/hmg2840/albert7a/daskjobqueue/worker-qw5w53ko
distributed.worker - INFO - -------------------------------------------------
distributed.worker - INFO -         Registered to:   tcp://172.30.100.1:40598
distributed.worker - INFO - -------------------------------------------------
distributed.core - INFO - Starting established connection
distributed.worker - INFO -         Registered to:   tcp://172.30.100.1:40598
distributed.worker - INFO - -------------------------------------------------
distributed.core - INFO - Starting established connection
/scratch/cnt0024/hmg2840/albert7a/anaconda3/lib/python3.7/site-packages/dask/config.py:168: YAMLLoadWarning: calling yaml.load() without Loader=... is deprecated, as the default Loader is unsafe. Please read https://msg.pyyaml.org/load for full details.
  data = yaml.load(f.read()) or {}
/scratch/cnt0024/hmg2840/albert7a/anaconda3/lib/python3.7/site-packages/distributed/utils.py:136: RuntimeWarning: Couldn't detect a suitable IP address for reaching '8.8.8.8', defaulting to '127.0.0.1': [Errno 101] Network is unreachable
  RuntimeWarning,
distributed.worker - INFO -       Start worker at:   tcp://172.30.5.174:36294
distributed.worker - INFO -          Listening to:   tcp://172.30.5.174:36294
distributed.worker - INFO -              nanny at:         172.30.5.174:41891
distributed.worker - INFO -              bokeh at:         172.30.5.174:35321
distributed.worker - INFO - Waiting to connect to:   tcp://172.30.100.1:40598
distributed.worker - INFO - -------------------------------------------------
distributed.worker - INFO -               Threads:                          1
distributed.worker - INFO -                Memory:                    4.29 GB
distributed.worker - INFO -       Local Directory: /scratch/cnt0024/hmg2840/albert7a/daskjobqueue/worker-6pul45e4
distributed.worker - INFO - -------------------------------------------------
/scratch/cnt0024/hmg2840/albert7a/anaconda3/lib/python3.7/site-packages/dask/config.py:168: YAMLLoadWarning: calling yaml.load() without Loader=... is deprecated, as the default Loader is unsafe. Please read https://msg.pyyaml.org/load for full details.
  data = yaml.load(f.read()) or {}
/scratch/cnt0024/hmg2840/albert7a/anaconda3/lib/python3.7/site-packages/distributed/utils.py:136: RuntimeWarning: Couldn't detect a suitable IP address for reaching '8.8.8.8', defaulting to '127.0.0.1': [Errno 101] Network is unreachable
  RuntimeWarning,
distributed.worker - INFO -       Start worker at:   tcp://172.30.5.174:34177
distributed.worker - INFO -          Listening to:   tcp://172.30.5.174:34177
distributed.worker - INFO -              nanny at:         172.30.5.174:40165
distributed.worker - INFO -              bokeh at:         172.30.5.174:32770
distributed.worker - INFO - Waiting to connect to:   tcp://172.30.100.1:40598
distributed.worker - INFO - -------------------------------------------------
distributed.worker - INFO -               Threads:                          1
distributed.worker - INFO -                Memory:                    4.29 GB
/scratch/cnt0024/hmg2840/albert7a/anaconda3/lib/python3.7/site-packages/dask/config.py:168: YAMLLoadWarning: calling yaml.load() without Loader=... is deprecated, as the default Loader is unsafe. Please read https://msg.pyyaml.org/load for full details.
  data = yaml.load(f.read()) or {}
/scratch/cnt0024/hmg2840/albert7a/anaconda3/lib/python3.7/site-packages/distributed/utils.py:136: RuntimeWarning: Couldn't detect a suitable IP address for reaching '8.8.8.8', defaulting to '127.0.0.1': [Errno 101] Network is unreachable
  RuntimeWarning,
distributed.worker - INFO -       Start worker at:   tcp://172.30.5.174:37998
distributed.worker - INFO -       Local Directory: /scratch/cnt0024/hmg2840/albert7a/daskjobqueue/worker-18gruv7v
distributed.worker - INFO -          Listening to:   tcp://172.30.5.174:37998
distributed.worker - INFO - -------------------------------------------------
distributed.worker - INFO -              nanny at:         172.30.5.174:46259
distributed.worker - INFO -              bokeh at:         172.30.5.174:37859
distributed.worker - INFO - Waiting to connect to:   tcp://172.30.100.1:40598
distributed.worker - INFO - -------------------------------------------------
distributed.worker - INFO -               Threads:                          1
distributed.worker - INFO -                Memory:                    4.29 GB
distributed.worker - INFO -       Local Directory: /scratch/cnt0024/hmg2840/albert7a/daskjobqueue/worker-gybdo4jv
distributed.worker - INFO - -------------------------------------------------
distributed.worker - INFO -         Registered to:   tcp://172.30.100.1:40598
distributed.worker - INFO - -------------------------------------------------
distributed.core - INFO - Starting established connection
distributed.worker - INFO -         Registered to:   tcp://172.30.100.1:40598
distributed.worker - INFO - -------------------------------------------------
distributed.core - INFO - Starting established connection
distributed.worker - INFO -         Registered to:   tcp://172.30.100.1:40598
distributed.worker - INFO - -------------------------------------------------
distributed.core - INFO - Starting established connection
/scratch/cnt0024/hmg2840/albert7a/anaconda3/lib/python3.7/site-packages/dask/config.py:168: YAMLLoadWarning: calling yaml.load() without Loader=... is deprecated, as the default Loader is unsafe. Please read https://msg.pyyaml.org/load for full details.
  data = yaml.load(f.read()) or {}
/scratch/cnt0024/hmg2840/albert7a/anaconda3/lib/python3.7/site-packages/distributed/utils.py:136: RuntimeWarning: Couldn't detect a suitable IP address for reaching '8.8.8.8', defaulting to '127.0.0.1': [Errno 101] Network is unreachable
  RuntimeWarning,
distributed.worker - INFO -       Start worker at:   tcp://172.30.5.174:34683
distributed.worker - INFO -          Listening to:   tcp://172.30.5.174:34683
distributed.worker - INFO -              nanny at:         172.30.5.174:39053
distributed.worker - INFO -              bokeh at:         172.30.5.174:34042
distributed.worker - INFO - Waiting to connect to:   tcp://172.30.100.1:40598
distributed.worker - INFO - -------------------------------------------------
distributed.worker - INFO -               Threads:                          1
distributed.worker - INFO -                Memory:                    4.29 GB
distributed.worker - INFO -       Local Directory: /scratch/cnt0024/hmg2840/albert7a/daskjobqueue/worker-ywgk3hzf
distributed.worker - INFO - -------------------------------------------------
distributed.worker - INFO -         Registered to:   tcp://172.30.100.1:40598
distributed.worker - INFO - -------------------------------------------------
distributed.core - INFO - Starting established connection
/scratch/cnt0024/hmg2840/albert7a/anaconda3/lib/python3.7/site-packages/dask/config.py:168: YAMLLoadWarning: calling yaml.load() without Loader=... is deprecated, as the default Loader is unsafe. Please read https://msg.pyyaml.org/load for full details.
  data = yaml.load(f.read()) or {}
/scratch/cnt0024/hmg2840/albert7a/anaconda3/lib/python3.7/site-packages/distributed/utils.py:136: RuntimeWarning: Couldn't detect a suitable IP address for reaching '8.8.8.8', defaulting to '127.0.0.1': [Errno 101] Network is unreachable
  RuntimeWarning,
distributed.worker - INFO -       Start worker at:   tcp://172.30.5.174:43080
distributed.worker - INFO -          Listening to:   tcp://172.30.5.174:43080
distributed.worker - INFO -              nanny at:         172.30.5.174:40175
distributed.worker - INFO -              bokeh at:         172.30.5.174:37624
distributed.worker - INFO - Waiting to connect to:   tcp://172.30.100.1:40598
distributed.worker - INFO - -------------------------------------------------
distributed.worker - INFO -               Threads:                          1
distributed.worker - INFO -                Memory:                    4.29 GB
distributed.worker - INFO -       Local Directory: /scratch/cnt0024/hmg2840/albert7a/daskjobqueue/worker-9bv_j12b
distributed.worker - INFO - -------------------------------------------------
distributed.worker - INFO -         Registered to:   tcp://172.30.100.1:40598
distributed.worker - INFO - -------------------------------------------------
distributed.core - INFO - Starting established connection
/scratch/cnt0024/hmg2840/albert7a/anaconda3/lib/python3.7/site-packages/dask/config.py:168: YAMLLoadWarning: calling yaml.load() without Loader=... is deprecated, as the default Loader is unsafe. Please read https://msg.pyyaml.org/load for full details.
  data = yaml.load(f.read()) or {}
/scratch/cnt0024/hmg2840/albert7a/anaconda3/lib/python3.7/site-packages/distributed/utils.py:136: RuntimeWarning: Couldn't detect a suitable IP address for reaching '8.8.8.8', defaulting to '127.0.0.1': [Errno 101] Network is unreachable
  RuntimeWarning,
distributed.worker - INFO -       Start worker at:   tcp://172.30.5.174:42800
distributed.worker - INFO -          Listening to:   tcp://172.30.5.174:42800
distributed.worker - INFO -              nanny at:         172.30.5.174:42237
distributed.worker - INFO -              bokeh at:         172.30.5.174:39821
distributed.worker - INFO - Waiting to connect to:   tcp://172.30.100.1:40598
distributed.worker - INFO - -------------------------------------------------
distributed.worker - INFO -               Threads:                          1
distributed.worker - INFO -                Memory:                    4.29 GB
distributed.worker - INFO -       Local Directory: /scratch/cnt0024/hmg2840/albert7a/daskjobqueue/worker-64wrwp9r
distributed.worker - INFO - -------------------------------------------------
distributed.worker - INFO -         Registered to:   tcp://172.30.100.1:40598
distributed.worker - INFO - -------------------------------------------------
distributed.core - INFO - Starting established connection
distributed.worker - ERROR - Worker stream died during communication: tcp://172.30.10.111:36172
Traceback (most recent call last):
  File "/scratch/cnt0024/hmg2840/albert7a/anaconda3/lib/python3.7/site-packages/distributed/comm/tcp.py", line 194, in read
    n_frames = yield stream.read_bytes(8)
  File "/scratch/cnt0024/hmg2840/albert7a/anaconda3/lib/python3.7/site-packages/tornado/gen.py", line 735, in run
    value = future.result()
tornado.iostream.StreamClosedError: Stream is closed

During handling of the above exception, another exception occurred:

Traceback (most recent call last):
  File "/scratch/cnt0024/hmg2840/albert7a/anaconda3/lib/python3.7/site-packages/distributed/worker.py", line 1827, in gather_dep
    self.rpc, deps, worker, who=self.address
  File "/scratch/cnt0024/hmg2840/albert7a/anaconda3/lib/python3.7/site-packages/tornado/gen.py", line 735, in run
    value = future.result()
  File "/scratch/cnt0024/hmg2840/albert7a/anaconda3/lib/python3.7/site-packages/tornado/gen.py", line 742, in run
    yielded = self.gen.throw(*exc_info)  # type: ignore
  File "/scratch/cnt0024/hmg2840/albert7a/anaconda3/lib/python3.7/site-packages/distributed/worker.py", line 2975, in get_data_from_worker
    max_connections=max_connections,
  File "/scratch/cnt0024/hmg2840/albert7a/anaconda3/lib/python3.7/site-packages/tornado/gen.py", line 735, in run
    value = future.result()
  File "/scratch/cnt0024/hmg2840/albert7a/anaconda3/lib/python3.7/site-packages/tornado/gen.py", line 742, in run
    yielded = self.gen.throw(*exc_info)  # type: ignore
  File "/scratch/cnt0024/hmg2840/albert7a/anaconda3/lib/python3.7/site-packages/distributed/core.py", line 533, in send_recv
    response = yield comm.read(deserializers=deserializers)
  File "/scratch/cnt0024/hmg2840/albert7a/anaconda3/lib/python3.7/site-packages/tornado/gen.py", line 735, in run
    value = future.result()
  File "/scratch/cnt0024/hmg2840/albert7a/anaconda3/lib/python3.7/site-packages/tornado/gen.py", line 742, in run
    yielded = self.gen.throw(*exc_info)  # type: ignore
  File "/scratch/cnt0024/hmg2840/albert7a/anaconda3/lib/python3.7/site-packages/distributed/comm/tcp.py", line 214, in read
    convert_stream_closed_error(self, e)
  File "/scratch/cnt0024/hmg2840/albert7a/anaconda3/lib/python3.7/site-packages/distributed/comm/tcp.py", line 139, in convert_stream_closed_error
    raise CommClosedError("in %s: %s: %s" % (obj, exc.__class__.__name__, exc))
distributed.comm.core.CommClosedError: in <closed TCP>: ConnectionResetError: [Errno 104] Connection reset by peer
distributed.worker - INFO - Can't find dependencies for key ('all-1a435f7a606b05028a04ac5c289e5901', 2, 7)
distributed.worker - INFO - Dependent not found: ('open_dataset-ba4f6a57a75cbb2690b7793bcd402f94nav_lat-d70c393db46bf0861a36c43282668a0e', 2, 7) 0 .  Asking scheduler
distributed.worker - INFO - Can't find dependencies for key ('all-1a435f7a606b05028a04ac5c289e5901', 2, 7)
distributed.worker - INFO - Can't find dependencies for key ('all-1a435f7a606b05028a04ac5c289e5901', 2, 7)
distributed.worker - ERROR - Worker stream died during communication: tcp://172.30.10.111:36172
Traceback (most recent call last):
  File "/scratch/cnt0024/hmg2840/albert7a/anaconda3/lib/python3.7/site-packages/distributed/comm/tcp.py", line 194, in read
    n_frames = yield stream.read_bytes(8)
  File "/scratch/cnt0024/hmg2840/albert7a/anaconda3/lib/python3.7/site-packages/tornado/gen.py", line 735, in run
    value = future.result()
tornado.iostream.StreamClosedError: Stream is closed

During handling of the above exception, another exception occurred:

Traceback (most recent call last):
  File "/scratch/cnt0024/hmg2840/albert7a/anaconda3/lib/python3.7/site-packages/distributed/worker.py", line 1827, in gather_dep
    self.rpc, deps, worker, who=self.address
  File "/scratch/cnt0024/hmg2840/albert7a/anaconda3/lib/python3.7/site-packages/tornado/gen.py", line 735, in run
    value = future.result()
  File "/scratch/cnt0024/hmg2840/albert7a/anaconda3/lib/python3.7/site-packages/tornado/gen.py", line 742, in run
    yielded = self.gen.throw(*exc_info)  # type: ignore
  File "/scratch/cnt0024/hmg2840/albert7a/anaconda3/lib/python3.7/site-packages/distributed/worker.py", line 2975, in get_data_from_worker
    max_connections=max_connections,
  File "/scratch/cnt0024/hmg2840/albert7a/anaconda3/lib/python3.7/site-packages/tornado/gen.py", line 735, in run
    value = future.result()
  File "/scratch/cnt0024/hmg2840/albert7a/anaconda3/lib/python3.7/site-packages/tornado/gen.py", line 742, in run
    yielded = self.gen.throw(*exc_info)  # type: ignore
  File "/scratch/cnt0024/hmg2840/albert7a/anaconda3/lib/python3.7/site-packages/distributed/core.py", line 533, in send_recv
    response = yield comm.read(deserializers=deserializers)
  File "/scratch/cnt0024/hmg2840/albert7a/anaconda3/lib/python3.7/site-packages/tornado/gen.py", line 735, in run
    value = future.result()
  File "/scratch/cnt0024/hmg2840/albert7a/anaconda3/lib/python3.7/site-packages/tornado/gen.py", line 742, in run
    yielded = self.gen.throw(*exc_info)  # type: ignore
  File "/scratch/cnt0024/hmg2840/albert7a/anaconda3/lib/python3.7/site-packages/distributed/comm/tcp.py", line 214, in read
    convert_stream_closed_error(self, e)
  File "/scratch/cnt0024/hmg2840/albert7a/anaconda3/lib/python3.7/site-packages/distributed/comm/tcp.py", line 139, in convert_stream_closed_error
    raise CommClosedError("in %s: %s: %s" % (obj, exc.__class__.__name__, exc))
distributed.comm.core.CommClosedError: in <closed TCP>: ConnectionResetError: [Errno 104] Connection reset by peer
distributed.worker - INFO - Can't find dependencies for key ('all-1a435f7a606b05028a04ac5c289e5901', 2, 5)
distributed.worker - INFO - Can't find dependencies for key ('all-1a435f7a606b05028a04ac5c289e5901', 2, 7)
distributed.worker - INFO - Can't find dependencies for key ('all-1a435f7a606b05028a04ac5c289e5901', 2, 7)
distributed.worker - INFO - Dependent not found: ('open_dataset-0f7b0acaebfaf1bf9965c4f46400128enav_lat-60e44ec031a846abac1a8f76fa30edf2', 2, 5) 0 .  Asking scheduler
distributed.worker - INFO - Can't find dependencies for key ('all-1a435f7a606b05028a04ac5c289e5901', 2, 7)
distributed.worker - INFO - Can't find dependencies for key ('all-1a435f7a606b05028a04ac5c289e5901', 2, 7)
distributed.worker - INFO - Can't find dependencies for key ('all-1a435f7a606b05028a04ac5c289e5901', 2, 7)
distributed.worker - INFO - Can't find dependencies for key ('all-1a435f7a606b05028a04ac5c289e5901', 2, 7)
distributed.worker - INFO - Can't find dependencies for key ('all-1a435f7a606b05028a04ac5c289e5901', 2, 7)
distributed.worker - INFO - Can't find dependencies for key ('all-1a435f7a606b05028a04ac5c289e5901', 2, 7)
distributed.worker - INFO - Can't find dependencies for key ('all-1a435f7a606b05028a04ac5c289e5901', 2, 7)
distributed.worker - INFO - Can't find dependencies for key ('all-1a435f7a606b05028a04ac5c289e5901', 2, 7)
distributed.worker - INFO - Can't find dependencies for key ('all-1a435f7a606b05028a04ac5c289e5901', 2, 7)
distributed.worker - INFO - Can't find dependencies for key ('all-1a435f7a606b05028a04ac5c289e5901', 2, 7)
distributed.worker - ERROR - Worker stream died during communication: tcp://172.30.10.111:36172
Traceback (most recent call last):
  File "/scratch/cnt0024/hmg2840/albert7a/anaconda3/lib/python3.7/site-packages/distributed/comm/tcp.py", line 247, in write
    stream.write(b)
  File "/scratch/cnt0024/hmg2840/albert7a/anaconda3/lib/python3.7/site-packages/tornado/iostream.py", line 546, in write
    self._check_closed()
  File "/scratch/cnt0024/hmg2840/albert7a/anaconda3/lib/python3.7/site-packages/tornado/iostream.py", line 1009, in _check_closed
    raise StreamClosedError(real_error=self.error)
tornado.iostream.StreamClosedError: Stream is closed

During handling of the above exception, another exception occurred:

Traceback (most recent call last):
  File "/scratch/cnt0024/hmg2840/albert7a/anaconda3/lib/python3.7/site-packages/distributed/worker.py", line 1827, in gather_dep
    self.rpc, deps, worker, who=self.address
  File "/scratch/cnt0024/hmg2840/albert7a/anaconda3/lib/python3.7/site-packages/tornado/gen.py", line 735, in run
    value = future.result()
  File "/scratch/cnt0024/hmg2840/albert7a/anaconda3/lib/python3.7/site-packages/tornado/gen.py", line 742, in run
    yielded = self.gen.throw(*exc_info)  # type: ignore
  File "/scratch/cnt0024/hmg2840/albert7a/anaconda3/lib/python3.7/site-packages/distributed/worker.py", line 2983, in get_data_from_worker
    yield comm.write("OK")
  File "/scratch/cnt0024/hmg2840/albert7a/anaconda3/lib/python3.7/site-packages/tornado/gen.py", line 735, in run
    value = future.result()
  File "/scratch/cnt0024/hmg2840/albert7a/anaconda3/lib/python3.7/site-packages/tornado/gen.py", line 748, in run
    yielded = self.gen.send(value)
  File "/scratch/cnt0024/hmg2840/albert7a/anaconda3/lib/python3.7/site-packages/distributed/comm/tcp.py", line 264, in write
    convert_stream_closed_error(self, e)
  File "/scratch/cnt0024/hmg2840/albert7a/anaconda3/lib/python3.7/site-packages/distributed/comm/tcp.py", line 141, in convert_stream_closed_error
    raise CommClosedError("in %s: %s" % (obj, exc))
distributed.comm.core.CommClosedError: in <closed TCP>: Stream is closed
distributed.worker - INFO - Can't find dependencies for key ('all-1a435f7a606b05028a04ac5c289e5901', 3, 5)
distributed.worker - INFO - Can't find dependencies for key ('all-1a435f7a606b05028a04ac5c289e5901', 2, 7)
distributed.worker - INFO - Can't find dependencies for key ('all-1a435f7a606b05028a04ac5c289e5901', 2, 7)
distributed.worker - INFO - Can't find dependencies for key ('all-1a435f7a606b05028a04ac5c289e5901', 2, 7)
distributed.worker - INFO - Can't find dependencies for key ('all-1a435f7a606b05028a04ac5c289e5901', 2, 7)
distributed.worker - INFO - Can't find dependencies for key ('all-1a435f7a606b05028a04ac5c289e5901', 2, 7)
distributed.worker - INFO - Can't find dependencies for key ('all-1a435f7a606b05028a04ac5c289e5901', 2, 7)
distributed.worker - INFO - Can't find dependencies for key ('all-1a435f7a606b05028a04ac5c289e5901', 2, 7)
distributed.worker - INFO - Can't find dependencies for key ('all-1a435f7a606b05028a04ac5c289e5901', 2, 7)
distributed.nanny - WARNING - Worker process 32589 was killed by signal 11
distributed.nanny - WARNING - Restarting worker
/scratch/cnt0024/hmg2840/albert7a/anaconda3/lib/python3.7/site-packages/dask/config.py:168: YAMLLoadWarning: calling yaml.load() without Loader=... is deprecated, as the default Loader is unsafe. Please read https://msg.pyyaml.org/load for full details.
  data = yaml.load(f.read()) or {}
/scratch/cnt0024/hmg2840/albert7a/anaconda3/lib/python3.7/site-packages/distributed/utils.py:136: RuntimeWarning: Couldn't detect a suitable IP address for reaching '8.8.8.8', defaulting to '127.0.0.1': [Errno 101] Network is unreachable
  RuntimeWarning,
distributed.worker - INFO -       Start worker at:   tcp://172.30.5.174:43515
distributed.worker - INFO -          Listening to:   tcp://172.30.5.174:43515
distributed.worker - INFO -              nanny at:         172.30.5.174:42569
distributed.worker - INFO -              bokeh at:         172.30.5.174:34309
distributed.worker - INFO - Waiting to connect to:   tcp://172.30.100.1:40598
distributed.worker - INFO - -------------------------------------------------
distributed.worker - INFO -               Threads:                          1
distributed.worker - INFO -                Memory:                    4.29 GB
distributed.worker - INFO -       Local Directory: /scratch/cnt0024/hmg2840/albert7a/daskjobqueue/worker-z8wtgtkw
distributed.worker - INFO - -------------------------------------------------
distributed.worker - INFO -         Registered to:   tcp://172.30.100.1:40598
distributed.worker - INFO - -------------------------------------------------
distributed.core - INFO - Starting established connection
distributed.nanny - WARNING - Worker process 32619 was killed by signal 11
distributed.nanny - WARNING - Restarting worker
distributed.worker - ERROR - Worker stream died during communication: tcp://172.30.10.111:36172
Traceback (most recent call last):
  File "/scratch/cnt0024/hmg2840/albert7a/anaconda3/lib/python3.7/site-packages/distributed/comm/core.py", line 218, in connect
    quiet_exceptions=EnvironmentError,
  File "/scratch/cnt0024/hmg2840/albert7a/anaconda3/lib/python3.7/site-packages/tornado/gen.py", line 735, in run
    value = future.result()
tornado.util.TimeoutError: Timeout

During handling of the above exception, another exception occurred:

Traceback (most recent call last):
  File "/scratch/cnt0024/hmg2840/albert7a/anaconda3/lib/python3.7/site-packages/distributed/worker.py", line 1827, in gather_dep
    self.rpc, deps, worker, who=self.address
  File "/scratch/cnt0024/hmg2840/albert7a/anaconda3/lib/python3.7/site-packages/tornado/gen.py", line 735, in run
    value = future.result()
  File "/scratch/cnt0024/hmg2840/albert7a/anaconda3/lib/python3.7/site-packages/tornado/gen.py", line 742, in run
    yielded = self.gen.throw(*exc_info)  # type: ignore
  File "/scratch/cnt0024/hmg2840/albert7a/anaconda3/lib/python3.7/site-packages/distributed/worker.py", line 2965, in get_data_from_worker
    comm = yield rpc.connect(worker)
  File "/scratch/cnt0024/hmg2840/albert7a/anaconda3/lib/python3.7/site-packages/tornado/gen.py", line 735, in run
    value = future.result()
  File "/scratch/cnt0024/hmg2840/albert7a/anaconda3/lib/python3.7/site-packages/tornado/gen.py", line 742, in run
    yielded = self.gen.throw(*exc_info)  # type: ignore
  File "/scratch/cnt0024/hmg2840/albert7a/anaconda3/lib/python3.7/site-packages/distributed/core.py", line 864, in connect
    connection_args=self.connection_args,
  File "/scratch/cnt0024/hmg2840/albert7a/anaconda3/lib/python3.7/site-packages/tornado/gen.py", line 735, in run
    value = future.result()
  File "/scratch/cnt0024/hmg2840/albert7a/anaconda3/lib/python3.7/site-packages/tornado/gen.py", line 742, in run
    yielded = self.gen.throw(*exc_info)  # type: ignore
  File "/scratch/cnt0024/hmg2840/albert7a/anaconda3/lib/python3.7/site-packages/distributed/comm/core.py", line 230, in connect
    _raise(error)
  File "/scratch/cnt0024/hmg2840/albert7a/anaconda3/lib/python3.7/site-packages/distributed/comm/core.py", line 207, in _raise
    raise IOError(msg)
OSError: Timed out trying to connect to 'tcp://172.30.10.111:36172' after 10 s: in <distributed.comm.tcp.TCPConnector object at 0x2ac2f6654ba8>: ConnectionRefusedError: [Errno 111] Connection refused
/scratch/cnt0024/hmg2840/albert7a/anaconda3/lib/python3.7/site-packages/dask/config.py:168: YAMLLoadWarning: calling yaml.load() without Loader=... is deprecated, as the default Loader is unsafe. Please read https://msg.pyyaml.org/load for full details.
  data = yaml.load(f.read()) or {}
/scratch/cnt0024/hmg2840/albert7a/anaconda3/lib/python3.7/site-packages/distributed/utils.py:136: RuntimeWarning: Couldn't detect a suitable IP address for reaching '8.8.8.8', defaulting to '127.0.0.1': [Errno 101] Network is unreachable
  RuntimeWarning,
distributed.worker - INFO -       Start worker at:   tcp://172.30.5.174:44773
distributed.worker - INFO -          Listening to:   tcp://172.30.5.174:44773
distributed.worker - INFO -              nanny at:         172.30.5.174:46704
distributed.worker - INFO -              bokeh at:         172.30.5.174:32854
distributed.worker - INFO - Waiting to connect to:   tcp://172.30.100.1:40598
distributed.worker - INFO - -------------------------------------------------
distributed.worker - INFO -               Threads:                          1
distributed.worker - INFO -                Memory:                    4.29 GB
distributed.worker - INFO -       Local Directory: /scratch/cnt0024/hmg2840/albert7a/daskjobqueue/worker-luqj05au
distributed.worker - INFO - -------------------------------------------------
distributed.worker - INFO -         Registered to:   tcp://172.30.100.1:40598
distributed.worker - INFO - -------------------------------------------------
distributed.core - INFO - Starting established connection
distributed.worker - INFO - Connection to scheduler broken.  Reconnecting...
distributed.worker - INFO - Connection to scheduler broken.  Reconnecting...
distributed.worker - INFO - Connection to scheduler broken.  Reconnecting...
distributed.worker - INFO - Connection to scheduler broken.  Reconnecting...
distributed.worker - INFO - Connection to scheduler broken.  Reconnecting...
distributed.worker - INFO - Connection to scheduler broken.  Reconnecting...
distributed.worker - INFO - Connection to scheduler broken.  Reconnecting...
distributed.worker - INFO - Connection to scheduler broken.  Reconnecting...
distributed.worker - INFO - -------------------------------------------------
distributed.worker - INFO - -------------------------------------------------
distributed.worker - INFO - -------------------------------------------------
distributed.worker - INFO - Connection to scheduler broken.  Reconnecting...
distributed.worker - INFO - -------------------------------------------------
distributed.worker - INFO - Connection to scheduler broken.  Reconnecting...
distributed.worker - INFO - -------------------------------------------------
distributed.worker - INFO - Connection to scheduler broken.  Reconnecting...
distributed.worker - INFO - -------------------------------------------------
distributed.worker - INFO - -------------------------------------------------
distributed.worker - INFO - -------------------------------------------------
distributed.worker - INFO - Connection to scheduler broken.  Reconnecting...
distributed.worker - INFO - Connection to scheduler broken.  Reconnecting...
distributed.worker - INFO - Connection to scheduler broken.  Reconnecting...
distributed.worker - INFO - -------------------------------------------------
distributed.worker - INFO - Connection to scheduler broken.  Reconnecting...
distributed.worker - INFO - -------------------------------------------------
distributed.worker - INFO - Connection to scheduler broken.  Reconnecting...
distributed.worker - INFO - Connection to scheduler broken.  Reconnecting...
distributed.worker - INFO - -------------------------------------------------
distributed.worker - INFO - Connection to scheduler broken.  Reconnecting...
distributed.worker - INFO - Connection to scheduler broken.  Reconnecting...
distributed.worker - INFO - Connection to scheduler broken.  Reconnecting...
distributed.worker - INFO - Connection to scheduler broken.  Reconnecting...
distributed.worker - INFO - -------------------------------------------------
distributed.worker - INFO - -------------------------------------------------
distributed.worker - INFO - Connection to scheduler broken.  Reconnecting...
distributed.worker - INFO - Connection to scheduler broken.  Reconnecting...
distributed.worker - INFO - Connection to scheduler broken.  Reconnecting...
distributed.worker - INFO - -------------------------------------------------
distributed.worker - INFO - -------------------------------------------------
distributed.worker - INFO - Connection to scheduler broken.  Reconnecting...
distributed.worker - INFO - Connection to scheduler broken.  Reconnecting...
distributed.worker - INFO - -------------------------------------------------
distributed.worker - INFO - -------------------------------------------------
distributed.worker - INFO - -------------------------------------------------
distributed.worker - INFO - -------------------------------------------------
distributed.worker - INFO - -------------------------------------------------
distributed.worker - INFO - -------------------------------------------------
distributed.worker - INFO - -------------------------------------------------
distributed.worker - INFO - -------------------------------------------------
distributed.worker - INFO - -------------------------------------------------
distributed.worker - WARNING - Heartbeat to scheduler failed
distributed.worker - INFO - -------------------------------------------------
distributed.worker - INFO - -------------------------------------------------
distributed.worker - WARNING - Heartbeat to scheduler failed
distributed.worker - WARNING - Heartbeat to scheduler failed
distributed.worker - WARNING - Heartbeat to scheduler failed
distributed.worker - WARNING - Heartbeat to scheduler failed
distributed.worker - WARNING - Heartbeat to scheduler failed
distributed.worker - INFO - Connection to scheduler broken.  Reconnecting...
distributed.worker - WARNING - Heartbeat to scheduler failed
distributed.worker - INFO - -------------------------------------------------
distributed.worker - WARNING - Heartbeat to scheduler failed
distributed.worker - WARNING - Heartbeat to scheduler failed
distributed.worker - WARNING - Heartbeat to scheduler failed
distributed.worker - WARNING - Heartbeat to scheduler failed
distributed.worker - WARNING - Heartbeat to scheduler failed
distributed.worker - WARNING - Heartbeat to scheduler failed
distributed.worker - WARNING - Heartbeat to scheduler failed
distributed.worker - WARNING - Heartbeat to scheduler failed
distributed.worker - WARNING - Heartbeat to scheduler failed
distributed.worker - WARNING - Heartbeat to scheduler failed
distributed.worker - WARNING - Heartbeat to scheduler failed
distributed.worker - WARNING - Heartbeat to scheduler failed
distributed.worker - WARNING - Heartbeat to scheduler failed
distributed.worker - WARNING - Heartbeat to scheduler failed
distributed.worker - WARNING - Heartbeat to scheduler failed
distributed.worker - WARNING - Heartbeat to scheduler failed
distributed.worker - WARNING - Heartbeat to scheduler failed
distributed.worker - WARNING - Heartbeat to scheduler failed
distributed.worker - INFO - Connection to scheduler broken.  Reconnecting...
distributed.worker - WARNING - Heartbeat to scheduler failed
distributed.worker - INFO - -------------------------------------------------
distributed.worker - WARNING - Heartbeat to scheduler failed
distributed.worker - WARNING - Heartbeat to scheduler failed
distributed.utils_perf - INFO - full garbage collection released 157.93 MB from 2463 reference cycles (threshold: 10.00 MB)
distributed.worker - INFO - Waiting to connect to:   tcp://172.30.100.1:40598
distributed.worker - INFO - Waiting to connect to:   tcp://172.30.100.1:40598
distributed.worker - INFO - Waiting to connect to:   tcp://172.30.100.1:40598
distributed.worker - INFO - Waiting to connect to:   tcp://172.30.100.1:40598
distributed.worker - INFO - Waiting to connect to:   tcp://172.30.100.1:40598
distributed.worker - INFO - Waiting to connect to:   tcp://172.30.100.1:40598
distributed.worker - INFO - Waiting to connect to:   tcp://172.30.100.1:40598
distributed.worker - INFO - Waiting to connect to:   tcp://172.30.100.1:40598
distributed.worker - INFO - Waiting to connect to:   tcp://172.30.100.1:40598
distributed.worker - INFO - Waiting to connect to:   tcp://172.30.100.1:40598
distributed.worker - INFO - Waiting to connect to:   tcp://172.30.100.1:40598
distributed.worker - INFO - Waiting to connect to:   tcp://172.30.100.1:40598
distributed.worker - INFO - Waiting to connect to:   tcp://172.30.100.1:40598
distributed.worker - INFO - Waiting to connect to:   tcp://172.30.100.1:40598
distributed.worker - INFO - Waiting to connect to:   tcp://172.30.100.1:40598
distributed.worker - INFO - Waiting to connect to:   tcp://172.30.100.1:40598
distributed.worker - INFO - Waiting to connect to:   tcp://172.30.100.1:40598
distributed.worker - INFO - Waiting to connect to:   tcp://172.30.100.1:40598
distributed.worker - INFO - Waiting to connect to:   tcp://172.30.100.1:40598
distributed.worker - INFO - Waiting to connect to:   tcp://172.30.100.1:40598
distributed.worker - INFO - Waiting to connect to:   tcp://172.30.100.1:40598
distributed.worker - INFO - Waiting to connect to:   tcp://172.30.100.1:40598
distributed.worker - INFO - Waiting to connect to:   tcp://172.30.100.1:40598
distributed.worker - INFO - Waiting to connect to:   tcp://172.30.100.1:40598
distributed.worker - INFO - Waiting to connect to:   tcp://172.30.100.1:40598
distributed.worker - INFO - Waiting to connect to:   tcp://172.30.100.1:40598
distributed.worker - INFO - Waiting to connect to:   tcp://172.30.100.1:40598
distributed.worker - INFO - Waiting to connect to:   tcp://172.30.100.1:40598
distributed.worker - INFO - Waiting to connect to:   tcp://172.30.100.1:40598
distributed.worker - INFO - Waiting to connect to:   tcp://172.30.100.1:40598
distributed.worker - INFO - Waiting to connect to:   tcp://172.30.100.1:40598
distributed.worker - INFO - Waiting to connect to:   tcp://172.30.100.1:40598
distributed.worker - INFO - Waiting to connect to:   tcp://172.30.100.1:40598
distributed.worker - INFO - Waiting to connect to:   tcp://172.30.100.1:40598
distributed.worker - INFO - Waiting to connect to:   tcp://172.30.100.1:40598
distributed.worker - INFO - Waiting to connect to:   tcp://172.30.100.1:40598
distributed.worker - INFO - Waiting to connect to:   tcp://172.30.100.1:40598
distributed.worker - INFO - Waiting to connect to:   tcp://172.30.100.1:40598
distributed.worker - INFO - Waiting to connect to:   tcp://172.30.100.1:40598
distributed.worker - INFO - Waiting to connect to:   tcp://172.30.100.1:40598
distributed.worker - INFO - Waiting to connect to:   tcp://172.30.100.1:40598
distributed.worker - INFO - Waiting to connect to:   tcp://172.30.100.1:40598
distributed.worker - INFO - Waiting to connect to:   tcp://172.30.100.1:40598
distributed.worker - INFO - Waiting to connect to:   tcp://172.30.100.1:40598
distributed.worker - INFO - Waiting to connect to:   tcp://172.30.100.1:40598
distributed.worker - INFO - Waiting to connect to:   tcp://172.30.100.1:40598
distributed.worker - INFO - Waiting to connect to:   tcp://172.30.100.1:40598
distributed.worker - INFO - Waiting to connect to:   tcp://172.30.100.1:40598
distributed.worker - INFO - Waiting to connect to:   tcp://172.30.100.1:40598
distributed.worker - INFO - Waiting to connect to:   tcp://172.30.100.1:40598
distributed.worker - INFO - Waiting to connect to:   tcp://172.30.100.1:40598
distributed.worker - INFO - Waiting to connect to:   tcp://172.30.100.1:40598
distributed.worker - INFO - Waiting to connect to:   tcp://172.30.100.1:40598
distributed.worker - INFO - Waiting to connect to:   tcp://172.30.100.1:40598
distributed.worker - INFO - Waiting to connect to:   tcp://172.30.100.1:40598
distributed.worker - INFO - Waiting to connect to:   tcp://172.30.100.1:40598
distributed.worker - INFO - Waiting to connect to:   tcp://172.30.100.1:40598
distributed.worker - INFO - Waiting to connect to:   tcp://172.30.100.1:40598
distributed.worker - INFO - Waiting to connect to:   tcp://172.30.100.1:40598
distributed.worker - INFO - Waiting to connect to:   tcp://172.30.100.1:40598
distributed.worker - INFO - Waiting to connect to:   tcp://172.30.100.1:40598
distributed.worker - INFO - Waiting to connect to:   tcp://172.30.100.1:40598
distributed.worker - INFO - Waiting to connect to:   tcp://172.30.100.1:40598
distributed.worker - INFO - Waiting to connect to:   tcp://172.30.100.1:40598
distributed.worker - INFO - Waiting to connect to:   tcp://172.30.100.1:40598
distributed.worker - INFO - Waiting to connect to:   tcp://172.30.100.1:40598
distributed.worker - INFO - Waiting to connect to:   tcp://172.30.100.1:40598
distributed.worker - INFO - Waiting to connect to:   tcp://172.30.100.1:40598
distributed.worker - INFO - Waiting to connect to:   tcp://172.30.100.1:40598
distributed.worker - INFO - Waiting to connect to:   tcp://172.30.100.1:40598
distributed.worker - INFO - Waiting to connect to:   tcp://172.30.100.1:40598
distributed.worker - INFO - Waiting to connect to:   tcp://172.30.100.1:40598
distributed.worker - INFO - Waiting to connect to:   tcp://172.30.100.1:40598
distributed.worker - INFO - Waiting to connect to:   tcp://172.30.100.1:40598
distributed.worker - INFO - Waiting to connect to:   tcp://172.30.100.1:40598
distributed.worker - INFO - Waiting to connect to:   tcp://172.30.100.1:40598
distributed.worker - INFO - Waiting to connect to:   tcp://172.30.100.1:40598
distributed.worker - INFO - Waiting to connect to:   tcp://172.30.100.1:40598
distributed.worker - INFO - Waiting to connect to:   tcp://172.30.100.1:40598
distributed.worker - INFO - Waiting to connect to:   tcp://172.30.100.1:40598
distributed.worker - INFO - Waiting to connect to:   tcp://172.30.100.1:40598
distributed.worker - INFO - Waiting to connect to:   tcp://172.30.100.1:40598
distributed.worker - INFO - Waiting to connect to:   tcp://172.30.100.1:40598
distributed.worker - INFO - Waiting to connect to:   tcp://172.30.100.1:40598
distributed.worker - INFO - Waiting to connect to:   tcp://172.30.100.1:40598
distributed.worker - INFO - Waiting to connect to:   tcp://172.30.100.1:40598
distributed.worker - INFO - Waiting to connect to:   tcp://172.30.100.1:40598
distributed.worker - INFO - Waiting to connect to:   tcp://172.30.100.1:40598
distributed.worker - INFO - Waiting to connect to:   tcp://172.30.100.1:40598
distributed.worker - INFO - Waiting to connect to:   tcp://172.30.100.1:40598
distributed.worker - INFO - Waiting to connect to:   tcp://172.30.100.1:40598
distributed.worker - INFO - Waiting to connect to:   tcp://172.30.100.1:40598
distributed.worker - INFO - Waiting to connect to:   tcp://172.30.100.1:40598
distributed.worker - INFO - Waiting to connect to:   tcp://172.30.100.1:40598
distributed.worker - INFO - Waiting to connect to:   tcp://172.30.100.1:40598
distributed.worker - INFO - Waiting to connect to:   tcp://172.30.100.1:40598
distributed.worker - INFO - Waiting to connect to:   tcp://172.30.100.1:40598
distributed.worker - INFO - Waiting to connect to:   tcp://172.30.100.1:40598
distributed.worker - INFO - Waiting to connect to:   tcp://172.30.100.1:40598
distributed.worker - INFO - Waiting to connect to:   tcp://172.30.100.1:40598
distributed.worker - INFO - Waiting to connect to:   tcp://172.30.100.1:40598
distributed.worker - INFO - Waiting to connect to:   tcp://172.30.100.1:40598
distributed.worker - INFO - Waiting to connect to:   tcp://172.30.100.1:40598
distributed.worker - INFO - Waiting to connect to:   tcp://172.30.100.1:40598
distributed.worker - INFO - Waiting to connect to:   tcp://172.30.100.1:40598
distributed.worker - INFO - Waiting to connect to:   tcp://172.30.100.1:40598
distributed.worker - INFO - Waiting to connect to:   tcp://172.30.100.1:40598
distributed.worker - INFO - Waiting to connect to:   tcp://172.30.100.1:40598
distributed.worker - INFO - Waiting to connect to:   tcp://172.30.100.1:40598
distributed.worker - INFO - Waiting to connect to:   tcp://172.30.100.1:40598
distributed.worker - INFO - Waiting to connect to:   tcp://172.30.100.1:40598
distributed.worker - INFO - Waiting to connect to:   tcp://172.30.100.1:40598
distributed.worker - INFO - Waiting to connect to:   tcp://172.30.100.1:40598
distributed.worker - INFO - Waiting to connect to:   tcp://172.30.100.1:40598
distributed.worker - INFO - Waiting to connect to:   tcp://172.30.100.1:40598
distributed.worker - INFO - Waiting to connect to:   tcp://172.30.100.1:40598
distributed.worker - INFO - Waiting to connect to:   tcp://172.30.100.1:40598
distributed.worker - INFO - Waiting to connect to:   tcp://172.30.100.1:40598
distributed.worker - INFO - Waiting to connect to:   tcp://172.30.100.1:40598
distributed.worker - INFO - Waiting to connect to:   tcp://172.30.100.1:40598
distributed.worker - INFO - Waiting to connect to:   tcp://172.30.100.1:40598
distributed.worker - INFO - Waiting to connect to:   tcp://172.30.100.1:40598
distributed.worker - INFO - Waiting to connect to:   tcp://172.30.100.1:40598
distributed.worker - INFO - Waiting to connect to:   tcp://172.30.100.1:40598
distributed.worker - INFO - Waiting to connect to:   tcp://172.30.100.1:40598
distributed.worker - INFO - Waiting to connect to:   tcp://172.30.100.1:40598
distributed.worker - INFO - Waiting to connect to:   tcp://172.30.100.1:40598
distributed.worker - INFO - Waiting to connect to:   tcp://172.30.100.1:40598
distributed.worker - INFO - Waiting to connect to:   tcp://172.30.100.1:40598
distributed.worker - INFO - Waiting to connect to:   tcp://172.30.100.1:40598
distributed.worker - INFO - Waiting to connect to:   tcp://172.30.100.1:40598
distributed.worker - INFO - Waiting to connect to:   tcp://172.30.100.1:40598
distributed.worker - INFO - Waiting to connect to:   tcp://172.30.100.1:40598
distributed.worker - INFO - Waiting to connect to:   tcp://172.30.100.1:40598
distributed.worker - INFO - Waiting to connect to:   tcp://172.30.100.1:40598
distributed.worker - INFO - Waiting to connect to:   tcp://172.30.100.1:40598
distributed.worker - INFO - Waiting to connect to:   tcp://172.30.100.1:40598
distributed.worker - INFO - Waiting to connect to:   tcp://172.30.100.1:40598
distributed.worker - INFO - Waiting to connect to:   tcp://172.30.100.1:40598
distributed.worker - INFO - Waiting to connect to:   tcp://172.30.100.1:40598
distributed.worker - INFO - Waiting to connect to:   tcp://172.30.100.1:40598
distributed.worker - INFO - Waiting to connect to:   tcp://172.30.100.1:40598
distributed.worker - INFO - Waiting to connect to:   tcp://172.30.100.1:40598
distributed.worker - INFO - Waiting to connect to:   tcp://172.30.100.1:40598
distributed.worker - INFO - Waiting to connect to:   tcp://172.30.100.1:40598
distributed.worker - INFO - Waiting to connect to:   tcp://172.30.100.1:40598
distributed.worker - INFO - Waiting to connect to:   tcp://172.30.100.1:40598
distributed.worker - INFO - Waiting to connect to:   tcp://172.30.100.1:40598
distributed.worker - INFO - Waiting to connect to:   tcp://172.30.100.1:40598
distributed.worker - INFO - Waiting to connect to:   tcp://172.30.100.1:40598
distributed.worker - INFO - Waiting to connect to:   tcp://172.30.100.1:40598
distributed.worker - INFO - Waiting to connect to:   tcp://172.30.100.1:40598
distributed.worker - INFO - Waiting to connect to:   tcp://172.30.100.1:40598
distributed.worker - INFO - Waiting to connect to:   tcp://172.30.100.1:40598
distributed.worker - INFO - Waiting to connect to:   tcp://172.30.100.1:40598
distributed.worker - INFO - Waiting to connect to:   tcp://172.30.100.1:40598
distributed.worker - INFO - Waiting to connect to:   tcp://172.30.100.1:40598
distributed.worker - INFO - Waiting to connect to:   tcp://172.30.100.1:40598
distributed.worker - INFO - Waiting to connect to:   tcp://172.30.100.1:40598
distributed.worker - INFO - Waiting to connect to:   tcp://172.30.100.1:40598
distributed.worker - INFO - Waiting to connect to:   tcp://172.30.100.1:40598
distributed.worker - INFO - Waiting to connect to:   tcp://172.30.100.1:40598
distributed.worker - INFO - Waiting to connect to:   tcp://172.30.100.1:40598
distributed.worker - INFO - Waiting to connect to:   tcp://172.30.100.1:40598
distributed.worker - INFO - Waiting to connect to:   tcp://172.30.100.1:40598
distributed.worker - INFO - Waiting to connect to:   tcp://172.30.100.1:40598
distributed.worker - INFO - Waiting to connect to:   tcp://172.30.100.1:40598
distributed.worker - INFO - Waiting to connect to:   tcp://172.30.100.1:40598
distributed.worker - INFO - Stopping worker at tcp://172.30.5.174:33223
distributed.worker - INFO - Stopping worker at tcp://172.30.5.174:39417
distributed.worker - INFO - Stopping worker at tcp://172.30.5.174:46401
distributed.worker - INFO - Stopping worker at tcp://172.30.5.174:42797
distributed.worker - INFO - Stopping worker at tcp://172.30.5.174:38418
distributed.worker - INFO - Stopping worker at tcp://172.30.5.174:33512
distributed.worker - INFO - Stopping worker at tcp://172.30.5.174:45771
distributed.worker - INFO - Stopping worker at tcp://172.30.5.174:45472
distributed.nanny - INFO - Closing Nanny at 'tcp://172.30.5.174:41634'
distributed.worker - INFO - Stopping worker at tcp://172.30.5.174:36420
distributed.worker - INFO - Stopping worker at tcp://172.30.5.174:37998
distributed.worker - INFO - Stopping worker at tcp://172.30.5.174:34683
distributed.worker - INFO - Stopping worker at tcp://172.30.5.174:44051
distributed.nanny - INFO - Closing Nanny at 'tcp://172.30.5.174:37440'
distributed.worker - INFO - Stopping worker at tcp://172.30.5.174:41548
distributed.worker - INFO - Stopping worker at tcp://172.30.5.174:42303
distributed.nanny - INFO - Closing Nanny at 'tcp://172.30.5.174:41200'
distributed.worker - INFO - Stopping worker at tcp://172.30.5.174:44563
distributed.worker - INFO - Stopping worker at tcp://172.30.5.174:36294
distributed.worker - INFO - Stopping worker at tcp://172.30.5.174:44773
distributed.worker - INFO - Stopping worker at tcp://172.30.5.174:37434
distributed.nanny - INFO - Closing Nanny at 'tcp://172.30.5.174:40976'
distributed.worker - INFO - Stopping worker at tcp://172.30.5.174:33055
distributed.worker - INFO - Stopping worker at tcp://172.30.5.174:42800
distributed.worker - INFO - Stopping worker at tcp://172.30.5.174:40501
distributed.worker - INFO - Stopping worker at tcp://172.30.5.174:39874
distributed.worker - INFO - Stopping worker at tcp://172.30.5.174:34177
distributed.worker - INFO - Stopping worker at tcp://172.30.5.174:39386
distributed.worker - INFO - Stopping worker at tcp://172.30.5.174:43080
distributed.worker - INFO - Stopping worker at tcp://172.30.5.174:39231
distributed.worker - INFO - Stopping worker at tcp://172.30.5.174:44489
distributed.worker - INFO - Stopping worker at tcp://172.30.5.174:43515
distributed.nanny - INFO - Closing Nanny at 'tcp://172.30.5.174:46259'
distributed.nanny - INFO - Closing Nanny at 'tcp://172.30.5.174:38333'
distributed.nanny - INFO - Closing Nanny at 'tcp://172.30.5.174:44934'
distributed.nanny - INFO - Closing Nanny at 'tcp://172.30.5.174:42137'
distributed.nanny - INFO - Closing Nanny at 'tcp://172.30.5.174:45985'
distributed.nanny - INFO - Closing Nanny at 'tcp://172.30.5.174:41388'
distributed.nanny - INFO - Closing Nanny at 'tcp://172.30.5.174:39053'
distributed.nanny - INFO - Closing Nanny at 'tcp://172.30.5.174:38082'
distributed.nanny - INFO - Closing Nanny at 'tcp://172.30.5.174:40296'
distributed.nanny - INFO - Closing Nanny at 'tcp://172.30.5.174:33974'
distributed.nanny - INFO - Closing Nanny at 'tcp://172.30.5.174:44156'
distributed.nanny - INFO - Closing Nanny at 'tcp://172.30.5.174:40201'
distributed.nanny - INFO - Closing Nanny at 'tcp://172.30.5.174:42237'
distributed.nanny - INFO - Closing Nanny at 'tcp://172.30.5.174:41891'
distributed.nanny - INFO - Closing Nanny at 'tcp://172.30.5.174:40165'
distributed.nanny - INFO - Closing Nanny at 'tcp://172.30.5.174:45600'
distributed.nanny - INFO - Closing Nanny at 'tcp://172.30.5.174:44580'
distributed.nanny - INFO - Closing Nanny at 'tcp://172.30.5.174:37793'
distributed.nanny - INFO - Closing Nanny at 'tcp://172.30.5.174:40175'
distributed.nanny - INFO - Closing Nanny at 'tcp://172.30.5.174:43275'
distributed.nanny - INFO - Closing Nanny at 'tcp://172.30.5.174:46704'
distributed.nanny - INFO - Closing Nanny at 'tcp://172.30.5.174:42430'
distributed.nanny - INFO - Closing Nanny at 'tcp://172.30.5.174:37631'
distributed.nanny - INFO - Closing Nanny at 'tcp://172.30.5.174:42569'
distributed.dask_worker - INFO - End worker
/scratch/cnt0024/hmg2840/albert7a/anaconda3/lib/python3.7/site-packages/dask/config.py:168: YAMLLoadWarning: calling yaml.load() without Loader=... is deprecated, as the default Loader is unsafe. Please read https://msg.pyyaml.org/load for full details.
  data = yaml.load(f.read()) or {}
/scratch/cnt0024/hmg2840/albert7a/anaconda3/lib/python3.7/site-packages/distributed/utils.py:136: RuntimeWarning: Couldn't detect a suitable IP address for reaching '8.8.8.8', defaulting to '127.0.0.1': [Errno 101] Network is unreachable
  RuntimeWarning,
